# JRE version: OpenJDK Runtime Environment (8.0_242-b01) (build 1.8.0_242-release-1644-b01)
# Java VM: OpenJDK 64-Bit Server VM (25.242-b01 mixed mode windows-amd64 compressed oops)
Heap:
 PSYoungGen      total 144384K, used 15786K [0x00000000f5580000, 0x0000000100000000, 0x0000000100000000)
  eden space 133120K, 11% used [0x00000000f5580000,0x00000000f64eaa60,0x00000000fd780000)
  from space 11264K, 0% used [0x00000000fe400000,0x00000000fe400000,0x00000000fef00000)
  to   space 12800K, 0% used [0x00000000fd780000,0x00000000fd780000,0x00000000fe400000)
 ParOldGen       total 175104K, used 15709K [0x00000000e0000000, 0x00000000eab00000, 0x00000000f5580000)
  object space 175104K, 8% used [0x00000000e0000000,0x00000000e0f575d8,0x00000000eab00000)
 Metaspace       used 35684K, capacity 36530K, committed 36736K, reserved 1081344K
  class space    used 4691K, capacity 4916K, committed 4992K, reserved 1048576K
GC Heap History (10 events):
Event: 8.996 GC heap before
{Heap before GC invocations=14 (full 1):
 PSYoungGen      total 104960K, used 94774K [0x00000000f5580000, 0x00000000fca00000, 0x0000000100000000)
  eden space 92672K, 100% used [0x00000000f5580000,0x00000000fb000000,0x00000000fb000000)
  from space 12288K, 17% used [0x00000000fbe00000,0x00000000fc00dba8,0x00000000fca00000)
  to   space 13312K, 0% used [0x00000000fb000000,0x00000000fb000000,0x00000000fbd00000)
 ParOldGen       total 175104K, used 22556K [0x00000000e0000000, 0x00000000eab00000, 0x00000000f5580000)
  object space 175104K, 12% used [0x00000000e0000000,0x00000000e1607098,0x00000000eab00000)
 Metaspace       used 33534K, capacity 34188K, committed 34560K, reserved 1079296K
  class space    used 4519K, capacity 4738K, committed 4864K, reserved 1048576K
Event: 9.001 GC heap after
Heap after GC invocations=14 (full 1):
 PSYoungGen      total 105984K, used 3163K [0x00000000f5580000, 0x00000000ff100000, 0x0000000100000000)
  eden space 92672K, 0% used [0x00000000f5580000,0x00000000f5580000,0x00000000fb000000)
  from space 13312K, 23% used [0x00000000fb000000,0x00000000fb316e18,0x00000000fbd00000)
  to   space 13312K, 0% used [0x00000000fe400000,0x00000000fe400000,0x00000000ff100000)
 ParOldGen       total 175104K, used 24508K [0x00000000e0000000, 0x00000000eab00000, 0x00000000f5580000)
  object space 175104K, 13% used [0x00000000e0000000,0x00000000e17ef098,0x00000000eab00000)
 Metaspace       used 33534K, capacity 34188K, committed 34560K, reserved 1079296K
  class space    used 4519K, capacity 4738K, committed 4864K, reserved 1048576K
}
Event: 9.471 GC heap before
{Heap before GC invocations=15 (full 1):
 PSYoungGen      total 105984K, used 95835K [0x00000000f5580000, 0x00000000ff100000, 0x0000000100000000)
  eden space 92672K, 100% used [0x00000000f5580000,0x00000000fb000000,0x00000000fb000000)
  from space 13312K, 23% used [0x00000000fb000000,0x00000000fb316e18,0x00000000fbd00000)
  to   space 13312K, 0% used [0x00000000fe400000,0x00000000fe400000,0x00000000ff100000)
 ParOldGen       total 175104K, used 24508K [0x00000000e0000000, 0x00000000eab00000, 0x00000000f5580000)
  object space 175104K, 13% used [0x00000000e0000000,0x00000000e17ef098,0x00000000eab00000)
 Metaspace       used 33541K, capacity 34188K, committed 34560K, reserved 1079296K
  class space    used 4519K, capacity 4738K, committed 4864K, reserved 1048576K
Event: 9.475 GC heap after
Heap after GC invocations=15 (full 1):
 PSYoungGen      total 141824K, used 2560K [0x00000000f5580000, 0x00000000fef00000, 0x0000000100000000)
  eden space 130560K, 0% used [0x00000000f5580000,0x00000000f5580000,0x00000000fd500000)
  from space 11264K, 22% used [0x00000000fe400000,0x00000000fe680000,0x00000000fef00000)
  to   space 13312K, 0% used [0x00000000fd500000,0x00000000fd500000,0x00000000fe200000)
 ParOldGen       total 175104K, used 27663K [0x00000000e0000000, 0x00000000eab00000, 0x00000000f5580000)
  object space 175104K, 15% used [0x00000000e0000000,0x00000000e1b03eb0,0x00000000eab00000)
 Metaspace       used 33541K, capacity 34188K, committed 34560K, reserved 1079296K
  class space    used 4519K, capacity 4738K, committed 4864K, reserved 1048576K
}
Event: 10.103 GC heap before
{Heap before GC invocations=16 (full 1):
 PSYoungGen      total 141824K, used 133120K [0x00000000f5580000, 0x00000000fef00000, 0x0000000100000000)
  eden space 130560K, 100% used [0x00000000f5580000,0x00000000fd500000,0x00000000fd500000)
  from space 11264K, 22% used [0x00000000fe400000,0x00000000fe680000,0x00000000fef00000)
  to   space 13312K, 0% used [0x00000000fd500000,0x00000000fd500000,0x00000000fe200000)
 ParOldGen       total 175104K, used 27663K [0x00000000e0000000, 0x00000000eab00000, 0x00000000f5580000)
  object space 175104K, 15% used [0x00000000e0000000,0x00000000e1b03eb0,0x00000000eab00000)
 Metaspace       used 33541K, capacity 34188K, committed 34560K, reserved 1079296K
  class space    used 4519K, capacity 4738K, committed 4864K, reserved 1048576K
Event: 10.109 GC heap after
Heap after GC invocations=16 (full 1):
 PSYoungGen      total 143872K, used 4306K [0x00000000f5580000, 0x00000000fef00000, 0x0000000100000000)
  eden space 130560K, 0% used [0x00000000f5580000,0x00000000f5580000,0x00000000fd500000)
  from space 13312K, 32% used [0x00000000fd500000,0x00000000fd934970,0x00000000fe200000)
  to   space 11264K, 0% used [0x00000000fe400000,0x00000000fe400000,0x00000000fef00000)
 ParOldGen       total 175104K, used 30119K [0x00000000e0000000, 0x00000000eab00000, 0x00000000f5580000)
  object space 175104K, 17% used [0x00000000e0000000,0x00000000e1d69eb0,0x00000000eab00000)
 Metaspace       used 33541K, capacity 34188K, committed 34560K, reserved 1079296K
  class space    used 4519K, capacity 4738K, committed 4864K, reserved 1048576K
}
Event: 10.846 GC heap before
{Heap before GC invocations=17 (full 1):
 PSYoungGen      total 143872K, used 128711K [0x00000000f5580000, 0x00000000fef00000, 0x0000000100000000)
  eden space 130560K, 95% used [0x00000000f5580000,0x00000000fcefd680,0x00000000fd500000)
  from space 13312K, 32% used [0x00000000fd500000,0x00000000fd934970,0x00000000fe200000)
  to   space 11264K, 0% used [0x00000000fe400000,0x00000000fe400000,0x00000000fef00000)
 ParOldGen       total 175104K, used 30119K [0x00000000e0000000, 0x00000000eab00000, 0x00000000f5580000)
  object space 175104K, 17% used [0x00000000e0000000,0x00000000e1d69eb0,0x00000000eab00000)
 Metaspace       used 34610K, capacity 35452K, committed 35496K, reserved 1079296K
  class space    used 4606K, capacity 4857K, committed 4864K, reserved 1048576K
Event: 10.850 GC heap after
Heap after GC invocations=17 (full 1):
 PSYoungGen      total 144384K, used 3489K [0x00000000f5580000, 0x0000000100000000, 0x0000000100000000)
  eden space 133120K, 0% used [0x00000000f5580000,0x00000000f5580000,0x00000000fd780000)
  from space 11264K, 30% used [0x00000000fe400000,0x00000000fe768518,0x00000000fef00000)
  to   space 12800K, 0% used [0x00000000fd780000,0x00000000fd780000,0x00000000fe400000)
 ParOldGen       total 175104K, used 34295K [0x00000000e0000000, 0x00000000eab00000, 0x00000000f5580000)
  object space 175104K, 19% used [0x00000000e0000000,0x00000000e217deb0,0x00000000eab00000)
 Metaspace       used 34610K, capacity 35452K, committed 35496K, reserved 1079296K
  class space    used 4606K, capacity 4857K, committed 4864K, reserved 1048576K
}
Event: 10.850 GC heap before
{Heap before GC invocations=18 (full 2):
 PSYoungGen      total 144384K, used 3489K [0x00000000f5580000, 0x0000000100000000, 0x0000000100000000)
  eden space 133120K, 0% used [0x00000000f5580000,0x00000000f5580000,0x00000000fd780000)
  from space 11264K, 30% used [0x00000000fe400000,0x00000000fe768518,0x00000000fef00000)
  to   space 12800K, 0% used [0x00000000fd780000,0x00000000fd780000,0x00000000fe400000)
 ParOldGen       total 175104K, used 34295K [0x00000000e0000000, 0x00000000eab00000, 0x00000000f5580000)
  object space 175104K, 19% used [0x00000000e0000000,0x00000000e217deb0,0x00000000eab00000)
 Metaspace       used 34610K, capacity 35452K, committed 35496K, reserved 1079296K
  class space    used 4606K, capacity 4857K, committed 4864K, reserved 1048576K
Event: 10.887 GC heap after
Heap after GC invocations=18 (full 2):
 PSYoungGen      total 144384K, used 0K [0x00000000f5580000, 0x0000000100000000, 0x0000000100000000)
  eden space 133120K, 0% used [0x00000000f5580000,0x00000000f5580000,0x00000000fd780000)
  from space 11264K, 0% used [0x00000000fe400000,0x00000000fe400000,0x00000000fef00000)
  to   space 12800K, 0% used [0x00000000fd780000,0x00000000fd780000,0x00000000fe400000)
 ParOldGen       total 175104K, used 15709K [0x00000000e0000000, 0x00000000eab00000, 0x00000000f5580000)
  object space 175104K, 8% used [0x00000000e0000000,0x00000000e0f575d8,0x00000000eab00000)
 Metaspace       used 34545K, capacity 35328K, committed 35496K, reserved 1079296K
  class space    used 4588K, capacity 4837K, committed 4864K, reserved 1048576K
}

