# JRE version: OpenJDK Runtime Environment (8.0_242-b01) (build 1.8.0_242-release-1644-b01)
# Java VM: OpenJDK 64-Bit Server VM (25.242-b01 mixed mode windows-amd64 compressed oops)
Heap:
 PSYoungGen      total 90624K, used 12491K [0x00000000f5580000, 0x00000000fbc00000, 0x0000000100000000)
  eden space 78336K, 8% used [0x00000000f5580000,0x00000000f5b9fba0,0x00000000fa200000)
  from space 12288K, 50% used [0x00000000fae00000,0x00000000fb413098,0x00000000fba00000)
  to   space 12288K, 0% used [0x00000000fa200000,0x00000000fa200000,0x00000000fae00000)
 ParOldGen       total 175104K, used 15683K [0x00000000e0000000, 0x00000000eab00000, 0x00000000f5580000)
  object space 175104K, 8% used [0x00000000e0000000,0x00000000e0f50f88,0x00000000eab00000)
 Metaspace       used 37977K, capacity 38940K, committed 39168K, reserved 1083392K
  class space    used 5081K, capacity 5331K, committed 5376K, reserved 1048576K
GC Heap History (10 events):
Event: 10.085 GC heap before
{Heap before GC invocations=18 (full 1):
 PSYoungGen      total 76288K, used 67702K [0x00000000f5580000, 0x00000000faa80000, 0x0000000100000000)
  eden space 65536K, 100% used [0x00000000f5580000,0x00000000f9580000,0x00000000f9580000)
  from space 10752K, 20% used [0x00000000fa000000,0x00000000fa21dba8,0x00000000faa80000)
  to   space 10752K, 0% used [0x00000000f9580000,0x00000000f9580000,0x00000000fa000000)
 ParOldGen       total 175104K, used 30642K [0x00000000e0000000, 0x00000000eab00000, 0x00000000f5580000)
  object space 175104K, 17% used [0x00000000e0000000,0x00000000e1dec968,0x00000000eab00000)
 Metaspace       used 33558K, capacity 34254K, committed 34560K, reserved 1079296K
  class space    used 4521K, capacity 4739K, committed 4864K, reserved 1048576K
Event: 10.088 GC heap after
Heap after GC invocations=18 (full 1):
 PSYoungGen      total 76288K, used 2290K [0x00000000f5580000, 0x00000000faa80000, 0x0000000100000000)
  eden space 65536K, 0% used [0x00000000f5580000,0x00000000f5580000,0x00000000f9580000)
  from space 10752K, 21% used [0x00000000f9580000,0x00000000f97bc970,0x00000000fa000000)
  to   space 10752K, 0% used [0x00000000fa000000,0x00000000fa000000,0x00000000faa80000)
 ParOldGen       total 175104K, used 32722K [0x00000000e0000000, 0x00000000eab00000, 0x00000000f5580000)
  object space 175104K, 18% used [0x00000000e0000000,0x00000000e1ff4968,0x00000000eab00000)
 Metaspace       used 33558K, capacity 34254K, committed 34560K, reserved 1079296K
  class space    used 4521K, capacity 4739K, committed 4864K, reserved 1048576K
}
Event: 10.386 GC heap before
{Heap before GC invocations=19 (full 1):
 PSYoungGen      total 76288K, used 67826K [0x00000000f5580000, 0x00000000faa80000, 0x0000000100000000)
  eden space 65536K, 100% used [0x00000000f5580000,0x00000000f9580000,0x00000000f9580000)
  from space 10752K, 21% used [0x00000000f9580000,0x00000000f97bc970,0x00000000fa000000)
  to   space 10752K, 0% used [0x00000000fa000000,0x00000000fa000000,0x00000000faa80000)
 ParOldGen       total 175104K, used 32722K [0x00000000e0000000, 0x00000000eab00000, 0x00000000f5580000)
  object space 175104K, 18% used [0x00000000e0000000,0x00000000e1ff4968,0x00000000eab00000)
 Metaspace       used 33562K, capacity 34254K, committed 34560K, reserved 1079296K
  class space    used 4521K, capacity 4739K, committed 4864K, reserved 1048576K
Event: 10.389 GC heap after
Heap after GC invocations=19 (full 1):
 PSYoungGen      total 74240K, used 1787K [0x00000000f5580000, 0x00000000fbe00000, 0x0000000100000000)
  eden space 63488K, 0% used [0x00000000f5580000,0x00000000f5580000,0x00000000f9380000)
  from space 10752K, 16% used [0x00000000fa000000,0x00000000fa1bee18,0x00000000faa80000)
  to   space 12800K, 0% used [0x00000000f9380000,0x00000000f9380000,0x00000000fa000000)
 ParOldGen       total 175104K, used 34818K [0x00000000e0000000, 0x00000000eab00000, 0x00000000f5580000)
  object space 175104K, 19% used [0x00000000e0000000,0x00000000e2200968,0x00000000eab00000)
 Metaspace       used 33562K, capacity 34254K, committed 34560K, reserved 1079296K
  class space    used 4521K, capacity 4739K, committed 4864K, reserved 1048576K
}
Event: 10.699 GC heap before
{Heap before GC invocations=20 (full 1):
 PSYoungGen      total 74240K, used 44330K [0x00000000f5580000, 0x00000000fbe00000, 0x0000000100000000)
  eden space 63488K, 67% used [0x00000000f5580000,0x00000000f7f0bb10,0x00000000f9380000)
  from space 10752K, 16% used [0x00000000fa000000,0x00000000fa1bee18,0x00000000faa80000)
  to   space 12800K, 0% used [0x00000000f9380000,0x00000000f9380000,0x00000000fa000000)
 ParOldGen       total 175104K, used 34818K [0x00000000e0000000, 0x00000000eab00000, 0x00000000f5580000)
  object space 175104K, 19% used [0x00000000e0000000,0x00000000e2200968,0x00000000eab00000)
 Metaspace       used 34615K, capacity 35454K, committed 35496K, reserved 1079296K
  class space    used 4608K, capacity 4858K, committed 4864K, reserved 1048576K
Event: 10.702 GC heap after
Heap after GC invocations=20 (full 1):
 PSYoungGen      total 76288K, used 2076K [0x00000000f5580000, 0x00000000fba00000, 0x0000000100000000)
  eden space 63488K, 0% used [0x00000000f5580000,0x00000000f5580000,0x00000000f9380000)
  from space 12800K, 16% used [0x00000000f9380000,0x00000000f9587330,0x00000000fa000000)
  to   space 12288K, 0% used [0x00000000fae00000,0x00000000fae00000,0x00000000fba00000)
 ParOldGen       total 175104K, used 35829K [0x00000000e0000000, 0x00000000eab00000, 0x00000000f5580000)
  object space 175104K, 20% used [0x00000000e0000000,0x00000000e22fd780,0x00000000eab00000)
 Metaspace       used 34615K, capacity 35454K, committed 35496K, reserved 1079296K
  class space    used 4608K, capacity 4858K, committed 4864K, reserved 1048576K
}
Event: 10.702 GC heap before
{Heap before GC invocations=21 (full 2):
 PSYoungGen      total 76288K, used 2076K [0x00000000f5580000, 0x00000000fba00000, 0x0000000100000000)
  eden space 63488K, 0% used [0x00000000f5580000,0x00000000f5580000,0x00000000f9380000)
  from space 12800K, 16% used [0x00000000f9380000,0x00000000f9587330,0x00000000fa000000)
  to   space 12288K, 0% used [0x00000000fae00000,0x00000000fae00000,0x00000000fba00000)
 ParOldGen       total 175104K, used 35829K [0x00000000e0000000, 0x00000000eab00000, 0x00000000f5580000)
  object space 175104K, 20% used [0x00000000e0000000,0x00000000e22fd780,0x00000000eab00000)
 Metaspace       used 34615K, capacity 35454K, committed 35496K, reserved 1079296K
  class space    used 4608K, capacity 4858K, committed 4864K, reserved 1048576K
Event: 10.732 GC heap after
Heap after GC invocations=21 (full 2):
 PSYoungGen      total 76288K, used 0K [0x00000000f5580000, 0x00000000fba00000, 0x0000000100000000)
  eden space 63488K, 0% used [0x00000000f5580000,0x00000000f5580000,0x00000000f9380000)
  from space 12800K, 0% used [0x00000000f9380000,0x00000000f9380000,0x00000000fa000000)
  to   space 12288K, 0% used [0x00000000fae00000,0x00000000fae00000,0x00000000fba00000)
 ParOldGen       total 175104K, used 15683K [0x00000000e0000000, 0x00000000eab00000, 0x00000000f5580000)
  object space 175104K, 8% used [0x00000000e0000000,0x00000000e0f50f88,0x00000000eab00000)
 Metaspace       used 34549K, capacity 35330K, committed 35496K, reserved 1079296K
  class space    used 4589K, capacity 4838K, committed 4864K, reserved 1048576K
}
Event: 11.350 GC heap before
{Heap before GC invocations=22 (full 2):
 PSYoungGen      total 76288K, used 63488K [0x00000000f5580000, 0x00000000fba00000, 0x0000000100000000)
  eden space 63488K, 100% used [0x00000000f5580000,0x00000000f9380000,0x00000000f9380000)
  from space 12800K, 0% used [0x00000000f9380000,0x00000000f9380000,0x00000000fa000000)
  to   space 12288K, 0% used [0x00000000fae00000,0x00000000fae00000,0x00000000fba00000)
 ParOldGen       total 175104K, used 15683K [0x00000000e0000000, 0x00000000eab00000, 0x00000000f5580000)
  object space 175104K, 8% used [0x00000000e0000000,0x00000000e0f50f88,0x00000000eab00000)
 Metaspace       used 37737K, capacity 38550K, committed 38912K, reserved 1083392K
  class space    used 5030K, capacity 5265K, committed 5376K, reserved 1048576K
Event: 11.359 GC heap after
Heap after GC invocations=22 (full 2):
 PSYoungGen      total 90624K, used 6220K [0x00000000f5580000, 0x00000000fbc00000, 0x0000000100000000)
  eden space 78336K, 0% used [0x00000000f5580000,0x00000000f5580000,0x00000000fa200000)
  from space 12288K, 50% used [0x00000000fae00000,0x00000000fb413098,0x00000000fba00000)
  to   space 12288K, 0% used [0x00000000fa200000,0x00000000fa200000,0x00000000fae00000)
 ParOldGen       total 175104K, used 15683K [0x00000000e0000000, 0x00000000eab00000, 0x00000000f5580000)
  object space 175104K, 8% used [0x00000000e0000000,0x00000000e0f50f88,0x00000000eab00000)
 Metaspace       used 37737K, capacity 38550K, committed 38912K, reserved 1083392K
  class space    used 5030K, capacity 5265K, committed 5376K, reserved 1048576K
}

